<?xml version="1.0" encoding="utf-8" standalone="no"?>
<test-run id="0" runstate="Runnable" testcasecount="1" result="Passed" total="1" passed="1" failed="0" warnings="0" inconclusive="0" skipped="0" asserts="2" engine-version="3.17.0.0" clr-version="4.0.30319.42000" start-time="2024-03-13 11:53:45Z" end-time="2024-03-13 11:53:45Z" duration="0.496484">
  <command-line><![CDATA["E:\КПІ\Документи\МТРПЗ\Markdown\Markdown\packages\NUnit.ConsoleRunner.3.17.0\tools\nunit3-console.exe" E:\КПІ\Документи\МТРПЗ\Markdown\Markdown\bin\Debug\Markdown.exe]]></command-line>
  <test-suite type="Assembly" id="1-1002" name="Markdown.exe" fullname="E:\КПІ\Документи\МТРПЗ\Markdown\Markdown\bin\Debug\Markdown.exe" runstate="Runnable" testcasecount="1" result="Passed" start-time="2024-03-13T11:53:45.8163368Z" end-time="2024-03-13T11:53:45.8711861Z" duration="0.054370" total="1" passed="1" failed="0" warnings="0" inconclusive="0" skipped="0" asserts="2">
    <environment framework-version="4.0.1.0" clr-version="4.0.30319.42000" os-version="Microsoft Windows NT 10.0.19045.0" platform="Win32NT" cwd="E:\КПІ\Документи\МТРПЗ\Markdown\Markdown\packages\NUnit.ConsoleRunner.3.17.0\tools" machine-name="DESKTOP-RMVI2PO" user="Laggy" user-domain="DESKTOP-RMVI2PO" culture="uk-UA" uiculture="en-US" os-architecture="x86" />
    <settings>
      <setting name="DisposeRunners" value="True" />
      <setting name="WorkDirectory" value="E:\КПІ\Документи\МТРПЗ\Markdown\Markdown\packages\NUnit.ConsoleRunner.3.17.0\tools" />
      <setting name="ImageRuntimeVersion" value="4.0.30319" />
      <setting name="ImageTargetFrameworkName" value=".NETFramework,Version=v4.8" />
      <setting name="ImageRequiresX86" value="True" />
      <setting name="RunAsX86" value="True" />
      <setting name="ImageRequiresDefaultAppDomainAssemblyResolver" value="False" />
      <setting name="TargetRuntimeFramework" value="net-4.8" />
      <setting name="NumberOfTestWorkers" value="16" />
    </settings>
    <properties>
      <property name="_PID" value="27512" />
      <property name="_APPDOMAIN" value="domain-" />
    </properties>
    <test-suite type="TestSuite" id="1-1003" name="Markdown" fullname="Markdown" runstate="Runnable" testcasecount="1" result="Passed" start-time="2024-03-13T11:53:45.8243157Z" end-time="2024-03-13T11:53:45.8711861Z" duration="0.046917" total="1" passed="1" failed="0" warnings="0" inconclusive="0" skipped="0" asserts="2">
      <test-suite type="TestFixture" id="1-1000" name="MarkdownTest" fullname="Markdown.MarkdownTest" classname="Markdown.MarkdownTest" runstate="Runnable" testcasecount="1" result="Passed" start-time="2024-03-13T11:53:45.8253129Z" end-time="2024-03-13T11:53:45.8711861Z" duration="0.045713" total="1" passed="1" failed="0" warnings="0" inconclusive="0" skipped="0" asserts="2">
        <test-case id="1-1001" name="TestAdd" fullname="Markdown.MarkdownTest.TestAdd" methodname="TestAdd" classname="Markdown.MarkdownTest" runstate="Runnable" seed="1255777863" result="Passed" start-time="2024-03-13T11:53:45.8273376Z" end-time="2024-03-13T11:53:45.8691955Z" duration="0.041634" asserts="2" />
      </test-suite>
    </test-suite>
  </test-suite>
</test-run>